[debug] [2022-11-04T23:41:27.774Z] ----------------------------------------------------------------------
[debug] [2022-11-04T23:41:27.786Z] Command:       C:\Program Files\nodejs\node.exe C:\Users\user\AppData\Roaming\npm\node_modules\firebase-tools\lib\bin\firebase.js init
[debug] [2022-11-04T23:41:27.789Z] CLI Version:   11.16.0
[debug] [2022-11-04T23:41:27.790Z] Platform:      win32
[debug] [2022-11-04T23:41:27.790Z] Node Version:  v16.18.0
[debug] [2022-11-04T23:41:27.795Z] Time:          Sat Nov 05 2022 06:41:27 GMT+0700 (Western Indonesia Time)
[debug] [2022-11-04T23:41:27.797Z] ----------------------------------------------------------------------
[debug] 
[debug] [2022-11-04T23:41:27.842Z] > command requires scopes: ["email","openid","https://www.googleapis.com/auth/cloudplatformprojects.readonly","https://www.googleapis.com/auth/firebase","https://www.googleapis.com/auth/cloud-platform"]
[debug] [2022-11-04T23:41:27.844Z] > authorizing via signed-in user (juliakirani27@gmail.com)
[info] 
     ######## #### ########  ######## ########     ###     ######  ########
     ##        ##  ##     ## ##       ##     ##  ##   ##  ##       ##
     ######    ##  ########  ######   ########  #########  ######  ######
     ##        ##  ##    ##  ##       ##     ## ##     ##       ## ##
     ##       #### ##     ## ######## ########  ##     ##  ######  ########

You're about to initialize a Firebase project in this directory:

  C:\Users\user\3D Objects\SEMESTER 5\Prak PPB\modul 6\modul6-pwa2-kel22

[info] 
=== Project Setup
[info] 
[info] First, let's associate this project directory with a Firebase project.
[info] You can create multiple project aliases by running firebase use --add, 
[info] but for now we'll just set up a default project.
[info] 
[info] i  If you want to create a project in a Google Cloud organization or folder, please use "firebase projects:create" instead, and return to this command when you've created the project. 
[debug] [2022-11-04T23:42:31.219Z] ----------------------------------------------------------------------
[debug] [2022-11-04T23:42:31.230Z] Command:       C:\Program Files\nodejs\node.exe C:\Users\user\AppData\Roaming\npm\node_modules\firebase-tools\lib\bin\firebase.js init
[debug] [2022-11-04T23:42:31.233Z] CLI Version:   11.16.0
[debug] [2022-11-04T23:42:31.234Z] Platform:      win32
[debug] [2022-11-04T23:42:31.234Z] Node Version:  v16.18.0
[debug] [2022-11-04T23:42:31.239Z] Time:          Sat Nov 05 2022 06:42:31 GMT+0700 (Western Indonesia Time)
[debug] [2022-11-04T23:42:31.240Z] ----------------------------------------------------------------------
[debug] 
[debug] [2022-11-04T23:42:31.285Z] > command requires scopes: ["email","openid","https://www.googleapis.com/auth/cloudplatformprojects.readonly","https://www.googleapis.com/auth/firebase","https://www.googleapis.com/auth/cloud-platform"]
[debug] [2022-11-04T23:42:31.288Z] > authorizing via signed-in user (juliakirani27@gmail.com)
[info] 
     ######## #### ########  ######## ########     ###     ######  ########
     ##        ##  ##     ## ##       ##     ##  ##   ##  ##       ##
     ######    ##  ########  ######   ########  #########  ######  ######
     ##        ##  ##    ##  ##       ##     ## ##     ##       ## ##
     ##       #### ##     ## ######## ########  ##     ##  ######  ########

You're about to initialize a Firebase project in this directory:

  C:\Users\user\3D Objects\SEMESTER 5\Prak PPB\modul 6\modul6-pwa2-kel22

[info] 
=== Project Setup
[info] 
[info] First, let's associate this project directory with a Firebase project.
[info] You can create multiple project aliases by running firebase use --add, 
[info] but for now we'll just set up a default project.
[info] 
[info] i  If you want to create a project in a Google Cloud organization or folder, please use "firebase projects:create" instead, and return to this command when you've created the project. 
